<?xml version="1.0" encoding="UTF-8"?>
<testsuite xmlns:xsi="http://www.w3.org/2001/XMLSchema-instance" xsi:noNamespaceSchemaLocation="https://maven.apache.org/surefire/maven-surefire-plugin/xsd/surefire-test-report-3.0.xsd" version="3.0" name="practicum.tests.OrderPageTest" time="20.614" tests="2" errors="0" skipped="0" failures="0">
  <properties>
[...]
</properties>
  <testcase name="orderShouldBeCreatedSuccessfullyTest[Тестовые данные: Артём, Кирсанов, ул.Пушкина, д.50, Румянцево, 89161234567]" classname="practicum.tests.OrderPageTest" time="10.36"/>
  <testcase name="orderShouldBeCreatedSuccessfullyTest[Тестовые данные: Наталья, Страневская, ул.Шевченко, д.10, Митино, 89169876543]" classname="practicum.tests.OrderPageTest" time="10.252"/>
</testsuite>